Determining if the pthread_create exist failed with the following output:
Change Dir: /home/taquy/Projects/cpp/PathChaser/build/CMakeFiles/CMakeTmp

Run Build Command:"/usr/bin/make" "cmTC_d422b/fast"
/usr/bin/make -f CMakeFiles/cmTC_d422b.dir/build.make CMakeFiles/cmTC_d422b.dir/build
make[1]: Entering directory '/home/taquy/Projects/cpp/PathChaser/build/CMakeFiles/CMakeTmp'
Building C object CMakeFiles/cmTC_d422b.dir/CheckSymbolExists.c.o
/usr/bin/cc    -fPIC    -o CMakeFiles/cmTC_d422b.dir/CheckSymbolExists.c.o   -c /home/taquy/Projects/cpp/PathChaser/build/CMakeFiles/CMakeTmp/CheckSymbolExists.c
Linking C executable cmTC_d422b
/usr/bin/cmake -E cmake_link_script CMakeFiles/cmTC_d422b.dir/link.txt --verbose=1
/usr/bin/cc  -fPIC     CMakeFiles/cmTC_d422b.dir/CheckSymbolExists.c.o  -o cmTC_d422b -rdynamic 
CMakeFiles/cmTC_d422b.dir/CheckSymbolExists.c.o: In function `main':
CheckSymbolExists.c:(.text+0x1b): undefined reference to `pthread_create'
collect2: error: ld returned 1 exit status
CMakeFiles/cmTC_d422b.dir/build.make:97: recipe for target 'cmTC_d422b' failed
make[1]: *** [cmTC_d422b] Error 1
make[1]: Leaving directory '/home/taquy/Projects/cpp/PathChaser/build/CMakeFiles/CMakeTmp'
Makefile:126: recipe for target 'cmTC_d422b/fast' failed
make: *** [cmTC_d422b/fast] Error 2

File /home/taquy/Projects/cpp/PathChaser/build/CMakeFiles/CMakeTmp/CheckSymbolExists.c:
/* */
#include <pthread.h>

int main(int argc, char** argv)
{
  (void)argv;
#ifndef pthread_create
  return ((int*)(&pthread_create))[argc];
#else
  (void)argc;
  return 0;
#endif
}

Determining if the function pthread_create exists in the pthreads failed with the following output:
Change Dir: /home/taquy/Projects/cpp/PathChaser/build/CMakeFiles/CMakeTmp

Run Build Command:"/usr/bin/make" "cmTC_f60fc/fast"
/usr/bin/make -f CMakeFiles/cmTC_f60fc.dir/build.make CMakeFiles/cmTC_f60fc.dir/build
make[1]: Entering directory '/home/taquy/Projects/cpp/PathChaser/build/CMakeFiles/CMakeTmp'
Building C object CMakeFiles/cmTC_f60fc.dir/CheckFunctionExists.c.o
/usr/bin/cc    -fPIC -DCHECK_FUNCTION_EXISTS=pthread_create   -o CMakeFiles/cmTC_f60fc.dir/CheckFunctionExists.c.o   -c /usr/share/cmake-3.5/Modules/CheckFunctionExists.c
Linking C executable cmTC_f60fc
/usr/bin/cmake -E cmake_link_script CMakeFiles/cmTC_f60fc.dir/link.txt --verbose=1
/usr/bin/cc  -fPIC -DCHECK_FUNCTION_EXISTS=pthread_create    CMakeFiles/cmTC_f60fc.dir/CheckFunctionExists.c.o  -o cmTC_f60fc -rdynamic -lpthreads 
/usr/bin/ld: cannot find -lpthreads
collect2: error: ld returned 1 exit status
CMakeFiles/cmTC_f60fc.dir/build.make:97: recipe for target 'cmTC_f60fc' failed
make[1]: *** [cmTC_f60fc] Error 1
make[1]: Leaving directory '/home/taquy/Projects/cpp/PathChaser/build/CMakeFiles/CMakeTmp'
Makefile:126: recipe for target 'cmTC_f60fc/fast' failed
make: *** [cmTC_f60fc/fast] Error 2


